<?xml version="1.0" encoding="UTF-8"?>
<testng-results ignored="0" total="1" passed="1" failed="0" skipped="0">
  <reporter-output>
  </reporter-output>
  <suite started-at="2023-07-20T21:19:16 IST" name="Suite" finished-at="2023-07-20T21:22:00 IST" duration-ms="164067">
    <groups>
    </groups>
    <test started-at="2023-07-20T21:19:16 IST" name="Test" finished-at="2023-07-20T21:22:00 IST" duration-ms="164067">
      <class name="testCases.HeaderTest">
        <test-method is-config="true" signature="setUp()[pri:0, instance:testCases.HeaderTest@63355449]" started-at="2023-07-20T21:19:16 IST" name="setUp" finished-at="2023-07-20T21:19:28 IST" duration-ms="11266" status="PASS">
          <reporter-output>
          </reporter-output>
        </test-method> <!-- setUp -->
        <test-method is-config="true" signature="beforeMethod(java.lang.reflect.Method)[pri:0, instance:testCases.HeaderTest@63355449]" started-at="2023-07-20T21:19:28 IST" name="beforeMethod" finished-at="2023-07-20T21:19:28 IST" duration-ms="132" status="PASS">
          <params>
            <param index="0">
              <value>
                <![CDATA[public void testCases.HeaderTest.ValidateClickTestingOfHeaderPage()]]>
              </value>
            </param>
          </params>
          <reporter-output>
          </reporter-output>
        </test-method> <!-- beforeMethod -->
        <test-method signature="ValidateClickTestingOfHeaderPage()[pri:0, instance:testCases.HeaderTest@63355449]" started-at="2023-07-20T21:19:28 IST" name="ValidateClickTestingOfHeaderPage" finished-at="2023-07-20T21:22:00 IST" duration-ms="152062" status="PASS">
          <reporter-output>
          </reporter-output>
        </test-method> <!-- ValidateClickTestingOfHeaderPage -->
        <test-method is-config="true" signature="reportWrapUp(org.testng.ITestResult,java.lang.reflect.Method)[pri:0, instance:testCases.HeaderTest@63355449]" started-at="2023-07-20T21:22:00 IST" name="reportWrapUp" finished-at="2023-07-20T21:22:00 IST" duration-ms="4" status="PASS">
          <params>
            <param index="0">
              <value>
                <![CDATA[[TestResult name=ValidateClickTestingOfHeaderPage status=SUCCESS method=HeaderTest.ValidateClickTestingOfHeaderPage()[pri:0, instance:testCases.HeaderTest@63355449] output={null}]]]>
              </value>
            </param>
            <param index="1">
              <value>
                <![CDATA[public void testCases.HeaderTest.ValidateClickTestingOfHeaderPage()]]>
              </value>
            </param>
          </params>
          <reporter-output>
          </reporter-output>
        </test-method> <!-- reportWrapUp -->
        <test-method is-config="true" signature="closeBrowser()[pri:0, instance:testCases.HeaderTest@63355449]" started-at="2023-07-20T21:22:00 IST" name="closeBrowser" finished-at="2023-07-20T21:22:00 IST" duration-ms="531" status="PASS">
          <reporter-output>
          </reporter-output>
        </test-method> <!-- closeBrowser -->
        <test-method is-config="true" signature="close()[pri:0, instance:testCases.HeaderTest@63355449]" started-at="2023-07-20T21:22:00 IST" name="close" finished-at="2023-07-20T21:22:01 IST" duration-ms="389" status="PASS">
          <reporter-output>
          </reporter-output>
        </test-method> <!-- close -->
      </class> <!-- testCases.HeaderTest -->
    </test> <!-- Test -->
  </suite> <!-- Suite -->
</testng-results>
